<?xml version="1.0" encoding="UTF-8"?>
<testsuite xmlns:xsi="http://www.w3.org/2001/XMLSchema-instance" xsi:noNamespaceSchemaLocation="https://maven.apache.org/surefire/maven-surefire-plugin/xsd/surefire-test-report.xsd" name="hu.me.iit.malus.thesis.user.repository.TeacherRepositoryTest" time="0.628" tests="2" errors="0" skipped="0" failures="0">
  <properties>
[...]
</properties>
  <testcase name="whenFindByCreatedCourseId_withNotExistingId_returnEmptyOptional" classname="hu.me.iit.malus.thesis.user.repository.TeacherRepositoryTest" time="0.223"/>
  <testcase name="whenFindByCreatedCourseId_withExistingId_foundWrappedInOptional" classname="hu.me.iit.malus.thesis.user.repository.TeacherRepositoryTest" time="0.274"/>
</testsuite>